<?xml version="1.0" encoding="UTF-8"?>
<!-- Generated by org.testng.reporters.JUnitXMLReporter -->
<testsuite ignored="2" hostname="KTLPT1298" failures="0" tests="1" name="Default test" time="5.887" errors="0" timestamp="2024-09-29T23:22:44 IST">
  <testcase classname="com.mygoal.tests.NewAccountPageTest" name="verifyAccountCreationFunctionalityWithValiddataTest" time="2.732"/>
  <testcase classname="com.mygoal.tests.NewAccountPageTest" name="verifyTitleOfNewAccountPage" time="0.0">
    <ignored/>
  </testcase> <!-- verifyTitleOfNewAccountPage -->
  <testcase classname="com.mygoal.tests.NewAccountPageTest" name="verifyUrlOfNewAccountPage" time="0.0">
    <ignored/>
  </testcase> <!-- verifyUrlOfNewAccountPage -->
</testsuite> <!-- Default test -->
