<?xml version="1.0" encoding="UTF-8"?>
<testng-results ignored="2" total="3" passed="1" failed="0" skipped="0">
  <reporter-output>
  </reporter-output>
  <suite started-at="2024-09-29T23:22:38 IST" name="Default suite" finished-at="2024-09-29T23:22:44 IST" duration-ms="5887">
    <groups>
      <group name="Sanity">
        <method signature="NewAccountPageTest.verifyAccountCreationFunctionalityWithValiddataTest()[pri:3, instance:com.mygoal.tests.NewAccountPageTest@651aed93]" name="verifyAccountCreationFunctionalityWithValiddataTest" class="com.mygoal.tests.NewAccountPageTest"/>
      </group> <!-- Sanity -->
      <group name="Regression">
        <method signature="NewAccountPageTest.verifyAccountCreationFunctionalityWithValiddataTest()[pri:3, instance:com.mygoal.tests.NewAccountPageTest@651aed93]" name="verifyAccountCreationFunctionalityWithValiddataTest" class="com.mygoal.tests.NewAccountPageTest"/>
      </group> <!-- Regression -->
      <group name="Smoke">
        <method signature="NewAccountPageTest.verifyAccountCreationFunctionalityWithValiddataTest()[pri:3, instance:com.mygoal.tests.NewAccountPageTest@651aed93]" name="verifyAccountCreationFunctionalityWithValiddataTest" class="com.mygoal.tests.NewAccountPageTest"/>
      </group> <!-- Smoke -->
    </groups>
    <test started-at="2024-09-29T23:22:38 IST" name="Default test" finished-at="2024-09-29T23:22:44 IST" duration-ms="5887">
      <class name="com.mygoal.tests.NewAccountPageTest">
        <test-method is-config="true" signature="setup()[pri:0, instance:com.mygoal.tests.NewAccountPageTest@651aed93]" started-at="2024-09-29T23:22:38 IST" name="setup" finished-at="2024-09-29T23:22:41 IST" duration-ms="2812" status="PASS">
          <reporter-output>
          </reporter-output>
        </test-method> <!-- setup -->
        <test-method signature="verifyAccountCreationFunctionalityWithValiddataTest()[pri:3, instance:com.mygoal.tests.NewAccountPageTest@651aed93]" started-at="2024-09-29T23:22:41 IST" name="verifyAccountCreationFunctionalityWithValiddataTest" finished-at="2024-09-29T23:22:44 IST" duration-ms="2732" status="PASS">
          <reporter-output>
          </reporter-output>
        </test-method> <!-- verifyAccountCreationFunctionalityWithValiddataTest -->
        <test-method is-config="true" signature="tearDown()[pri:0, instance:com.mygoal.tests.NewAccountPageTest@651aed93]" started-at="2024-09-29T23:22:44 IST" name="tearDown" finished-at="2024-09-29T23:22:44 IST" duration-ms="314" status="PASS">
          <reporter-output>
          </reporter-output>
        </test-method> <!-- tearDown -->
        <test-method is-config="true" signature="afterSuite()[pri:0, instance:com.mygoal.tests.NewAccountPageTest@651aed93]" started-at="2024-09-29T23:22:44 IST" name="afterSuite" finished-at="2024-09-29T23:22:45 IST" duration-ms="391" status="PASS">
          <reporter-output>
          </reporter-output>
        </test-method> <!-- afterSuite -->
      </class> <!-- com.mygoal.tests.NewAccountPageTest -->
    </test> <!-- Default test -->
  </suite> <!-- Default suite -->
</testng-results>
